<?xml version="1.0" encoding="UTF-8"?>
<!-- Generated by org.testng.reporters.JUnitXMLReporter -->
<testsuite ignored="2" hostname="prasad" failures="0" tests="1" name="Default test" time="0.081" errors="0" timestamp="2022-09-09T12:44:08 IST">
  <testcase classname="dDT.OrganizationTest" name="createOrganization" time="0.013"/>
  <testcase classname="dDT.OrganizationTest" name="modifyorganization" time="0.0">
    <ignored/>
  </testcase> <!-- modifyorganization -->
  <testcase classname="dDT.OrganizationTest" name="deleteorganization" time="0.0">
    <ignored/>
  </testcase> <!-- deleteorganization -->
</testsuite> <!-- Default test -->
