<?xml version="1.0" encoding="UTF-8"?>
<testng-results ignored="2" total="3" passed="1" failed="0" skipped="0">
  <reporter-output>
  </reporter-output>
  <suite started-at="2022-09-09T12:44:08 IST" name="Default suite" finished-at="2022-09-09T12:44:08 IST" duration-ms="81">
    <groups>
    </groups>
    <test started-at="2022-09-09T12:44:08 IST" name="Default test" finished-at="2022-09-09T12:44:08 IST" duration-ms="81">
      <class name="dDT.OrganizationTest">
        <test-method signature="createOrganization()[pri:0, instance:dDT.OrganizationTest@5c909414]" started-at="2022-09-09T12:44:08 IST" name="createOrganization" finished-at="2022-09-09T12:44:08 IST" duration-ms="13" status="PASS">
          <reporter-output>
          </reporter-output>
        </test-method> <!-- createOrganization -->
      </class> <!-- dDT.OrganizationTest -->
    </test> <!-- Default test -->
  </suite> <!-- Default suite -->
</testng-results>
